{"/workspace/frontend/src/App.jsx": {"path":"/workspace/frontend/src/App.jsx","statementMap":{"0":{"start":{"line":14,"column":19},"end":{"line":14,"column":null}},"1":{"start":{"line":16,"column":2},"end":{"line":18,"column":null}},"2":{"start":{"line":17,"column":4},"end":{"line":17,"column":null}},"3":{"start":{"line":20,"column":2},"end":{"line":20,"column":null}},"4":{"start":{"line":24,"column":2},"end":{"line":59,"column":null}}},"fnMap":{"0":{"name":"OrganizerOnlyRoute","decl":{"start":{"line":13,"column":9},"end":{"line":13,"column":28}},"loc":{"start":{"line":13,"column":42},"end":{"line":21,"column":null}},"line":13},"1":{"name":"App","decl":{"start":{"line":23,"column":9},"end":{"line":23,"column":15}},"loc":{"start":{"line":23,"column":15},"end":{"line":61,"column":null}},"line":23}},"branchMap":{"0":{"loc":{"start":{"line":16,"column":2},"end":{"line":18,"column":null}},"type":"if","locations":[{"start":{"line":16,"column":2},"end":{"line":18,"column":null}},{"start":{},"end":{}}],"line":16}},"s":{"0":2,"1":2,"2":1,"3":1,"4":3},"f":{"0":2,"1":3},"b":{"0":[1,1]},"meta":{"lastBranch":1,"lastFunction":2,"lastStatement":5,"seen":{"f:13:9:13:28":0,"s:14:19:14:Infinity":0,"b:16:2:18:Infinity:undefined:undefined:undefined:undefined":0,"s:16:2:18:Infinity":1,"s:17:4:17:Infinity":2,"s:20:2:20:Infinity":3,"f:23:9:23:15":1,"s:24:2:59:Infinity":4}}}
,"/workspace/frontend/src/components/layout/Navbar.jsx": {"path":"/workspace/frontend/src/components/layout/Navbar.jsx","statementMap":{"0":{"start":{"line":7,"column":8},"end":{"line":7,"column":null}},"1":{"start":{"line":8,"column":23},"end":{"line":8,"column":null}},"2":{"start":{"line":10,"column":19},"end":{"line":10,"column":null}},"3":{"start":{"line":10,"column":29},"end":{"line":10,"column":null}},"4":{"start":{"line":12,"column":2},"end":{"line":77,"column":null}}},"fnMap":{"0":{"name":"Navbar","decl":{"start":{"line":6,"column":16},"end":{"line":6,"column":23}},"loc":{"start":{"line":6,"column":41},"end":{"line":79,"column":null}},"line":6},"1":{"name":"(anonymous_1)","decl":{"start":{"line":10,"column":19},"end":{"line":10,"column":20}},"loc":{"start":{"line":10,"column":29},"end":{"line":10,"column":null}},"line":10}},"branchMap":{"0":{"loc":{"start":{"line":46,"column":25},"end":{"line":46,"column":null}},"type":"cond-expr","locations":[{"start":{"line":46,"column":54},"end":{"line":46,"column":66}},{"start":{"line":46,"column":66},"end":{"line":46,"column":null}}],"line":46},"1":{"loc":{"start":{"line":56,"column":25},"end":{"line":56,"column":null}},"type":"cond-expr","locations":[{"start":{"line":56,"column":48},"end":{"line":56,"column":60}},{"start":{"line":56,"column":60},"end":{"line":56,"column":null}}],"line":56}},"s":{"0":6,"1":6,"2":6,"3":12,"4":6},"f":{"0":6,"1":12},"b":{"0":[0,6],"1":[0,6]},"meta":{"lastBranch":2,"lastFunction":2,"lastStatement":5,"seen":{"f:6:16:6:23":0,"s:7:8:7:Infinity":0,"s:8:23:8:Infinity":1,"s:10:19:10:Infinity":2,"f:10:19:10:20":1,"s:10:29:10:Infinity":3,"s:12:2:77:Infinity":4,"b:46:54:46:66:46:66:46:Infinity":0,"b:56:48:56:60:56:60:56:Infinity":1}}}
,"/workspace/frontend/src/components/layout/Sidebar.jsx": {"path":"/workspace/frontend/src/components/layout/Sidebar.jsx","statementMap":{"0":{"start":{"line":6,"column":8},"end":{"line":6,"column":null}},"1":{"start":{"line":7,"column":19},"end":{"line":7,"column":null}},"2":{"start":{"line":9,"column":23},"end":{"line":15,"column":null}},"3":{"start":{"line":17,"column":25},"end":{"line":23,"column":null}},"4":{"start":{"line":25,"column":16},"end":{"line":25,"column":null}},"5":{"start":{"line":27,"column":23},"end":{"line":33,"column":null}},"6":{"start":{"line":28,"column":4},"end":{"line":30,"column":null}},"7":{"start":{"line":29,"column":6},"end":{"line":29,"column":null}},"8":{"start":{"line":32,"column":4},"end":{"line":32,"column":null}},"9":{"start":{"line":35,"column":2},"end":{"line":63,"column":null}},"10":{"start":{"line":43,"column":23},"end":{"line":43,"column":null}},"11":{"start":{"line":44,"column":27},"end":{"line":44,"column":null}},"12":{"start":{"line":46,"column":10},"end":{"line":59,"column":null}}},"fnMap":{"0":{"name":"Sidebar","decl":{"start":{"line":5,"column":24},"end":{"line":5,"column":32}},"loc":{"start":{"line":5,"column":56},"end":{"line":65,"column":null}},"line":5},"1":{"name":"(anonymous_1)","decl":{"start":{"line":27,"column":23},"end":{"line":27,"column":24}},"loc":{"start":{"line":27,"column":31},"end":{"line":33,"column":null}},"line":27},"2":{"name":"(anonymous_2)","decl":{"start":{"line":42,"column":19},"end":{"line":42,"column":20}},"loc":{"start":{"line":42,"column":29},"end":{"line":61,"column":9}},"line":42}},"branchMap":{"0":{"loc":{"start":{"line":25,"column":16},"end":{"line":25,"column":null}},"type":"cond-expr","locations":[{"start":{"line":25,"column":43},"end":{"line":25,"column":60}},{"start":{"line":25,"column":60},"end":{"line":25,"column":null}}],"line":25},"1":{"loc":{"start":{"line":28,"column":4},"end":{"line":30,"column":null}},"type":"if","locations":[{"start":{"line":28,"column":4},"end":{"line":30,"column":null}},{"start":{},"end":{}}],"line":28},"2":{"loc":{"start":{"line":32,"column":11},"end":{"line":32,"column":null}},"type":"binary-expr","locations":[{"start":{"line":32,"column":11},"end":{"line":32,"column":39}},{"start":{"line":32,"column":39},"end":{"line":32,"column":null}}],"line":32},"3":{"loc":{"start":{"line":38,"column":8},"end":{"line":38,"column":null}},"type":"cond-expr","locations":[{"start":{"line":38,"column":17},"end":{"line":38,"column":35}},{"start":{"line":38,"column":35},"end":{"line":38,"column":null}}],"line":38},"4":{"loc":{"start":{"line":52,"column":16},"end":{"line":54,"column":null}},"type":"cond-expr","locations":[{"start":{"line":53,"column":20},"end":{"line":53,"column":null}},{"start":{"line":54,"column":20},"end":{"line":54,"column":null}}],"line":52},"5":{"loc":{"start":{"line":57,"column":42},"end":{"line":57,"column":86}},"type":"cond-expr","locations":[{"start":{"line":57,"column":53},"end":{"line":57,"column":71}},{"start":{"line":57,"column":71},"end":{"line":57,"column":86}}],"line":57}},"s":{"0":6,"1":6,"2":6,"3":6,"4":6,"5":6,"6":30,"7":6,"8":24,"9":6,"10":30,"11":30,"12":30},"f":{"0":6,"1":30,"2":30},"b":{"0":[1,5],"1":[6,24],"2":[24,23],"3":[1,5],"4":[5,25],"5":[5,25]},"meta":{"lastBranch":6,"lastFunction":3,"lastStatement":13,"seen":{"f:5:24:5:32":0,"s:6:8:6:Infinity":0,"s:7:19:7:Infinity":1,"s:9:23:15:Infinity":2,"s:17:25:23:Infinity":3,"s:25:16:25:Infinity":4,"b:25:43:25:60:25:60:25:Infinity":0,"s:27:23:33:Infinity":5,"f:27:23:27:24":1,"b:28:4:30:Infinity:undefined:undefined:undefined:undefined":1,"s:28:4:30:Infinity":6,"s:29:6:29:Infinity":7,"s:32:4:32:Infinity":8,"b:32:11:32:39:32:39:32:Infinity":2,"s:35:2:63:Infinity":9,"b:38:17:38:35:38:35:38:Infinity":3,"f:42:19:42:20":2,"s:43:23:43:Infinity":10,"s:44:27:44:Infinity":11,"s:46:10:59:Infinity":12,"b:53:20:53:Infinity:54:20:54:Infinity":4,"b:57:53:57:71:57:71:57:86":5}}}
,"/workspace/frontend/src/components/ui/button.jsx": {"path":"/workspace/frontend/src/components/ui/button.jsx","statementMap":{"0":{"start":{"line":9,"column":4},"end":{"line":11,"column":null}},"1":{"start":{"line":14,"column":4},"end":{"line":14,"column":null}},"2":{"start":{"line":16,"column":2},"end":{"line":19,"column":null}}},"fnMap":{"0":{"name":"Button","decl":{"start":{"line":1,"column":24},"end":{"line":1,"column":31}},"loc":{"start":{"line":7,"column":3},"end":{"line":21,"column":null}},"line":7}},"branchMap":{"0":{"loc":{"start":{"line":3,"column":2},"end":{"line":3,"column":null}},"type":"default-arg","locations":[{"start":{"line":3,"column":14},"end":{"line":3,"column":null}}],"line":3},"1":{"loc":{"start":{"line":4,"column":2},"end":{"line":4,"column":null}},"type":"default-arg","locations":[{"start":{"line":4,"column":9},"end":{"line":4,"column":null}}],"line":4},"2":{"loc":{"start":{"line":5,"column":2},"end":{"line":5,"column":null}},"type":"default-arg","locations":[{"start":{"line":5,"column":12},"end":{"line":5,"column":null}}],"line":5},"3":{"loc":{"start":{"line":9,"column":4},"end":{"line":11,"column":null}},"type":"cond-expr","locations":[{"start":{"line":10,"column":8},"end":{"line":10,"column":null}},{"start":{"line":11,"column":8},"end":{"line":11,"column":null}}],"line":9}},"s":{"0":20,"1":20,"2":20},"f":{"0":20},"b":{"0":[20],"1":[20],"2":[20],"3":[12,8]},"meta":{"lastBranch":4,"lastFunction":1,"lastStatement":3,"seen":{"f:1:24:1:31":0,"b:3:14:3:Infinity":0,"b:4:9:4:Infinity":1,"b:5:12:5:Infinity":2,"s:9:4:11:Infinity":0,"b:10:8:10:Infinity:11:8:11:Infinity":3,"s:14:4:14:Infinity":1,"s:16:2:19:Infinity":2}}}
,"/workspace/frontend/src/contexts/AppContext.jsx": {"path":"/workspace/frontend/src/contexts/AppContext.jsx","statementMap":{"0":{"start":{"line":5,"column":27},"end":{"line":24,"column":null}},"1":{"start":{"line":6,"column":30},"end":{"line":6,"column":null}},"2":{"start":{"line":7,"column":37},"end":{"line":7,"column":null}},"3":{"start":{"line":8,"column":36},"end":{"line":8,"column":null}},"4":{"start":{"line":10,"column":2},"end":{"line":22,"column":null}}},"fnMap":{"0":{"name":"(anonymous_0)","decl":{"start":{"line":5,"column":27},"end":{"line":5,"column":28}},"loc":{"start":{"line":5,"column":45},"end":{"line":24,"column":null}},"line":5}},"branchMap":{},"s":{"0":1,"1":6,"2":6,"3":6,"4":6},"f":{"0":6},"b":{},"meta":{"lastBranch":0,"lastFunction":1,"lastStatement":5,"seen":{"s:5:27:24:Infinity":0,"f:5:27:5:28":0,"s:6:30:6:Infinity":1,"s:7:37:7:Infinity":2,"s:8:36:8:Infinity":3,"s:10:2:22:Infinity":4}}}
,"/workspace/frontend/src/contexts/AppContextValue.jsx": {"path":"/workspace/frontend/src/contexts/AppContextValue.jsx","statementMap":{"0":{"start":{"line":3,"column":13},"end":{"line":3,"column":null}}},"fnMap":{},"branchMap":{},"s":{"0":3},"f":{},"b":{},"meta":{"lastBranch":0,"lastFunction":0,"lastStatement":1,"seen":{"s:3:13:3:Infinity":0}}}
,"/workspace/frontend/src/contexts/useApp.jsx": {"path":"/workspace/frontend/src/contexts/useApp.jsx","statementMap":{"0":{"start":{"line":4,"column":22},"end":{"line":12,"column":null}},"1":{"start":{"line":5,"column":8},"end":{"line":5,"column":null}},"2":{"start":{"line":7,"column":2},"end":{"line":9,"column":null}},"3":{"start":{"line":8,"column":4},"end":{"line":8,"column":null}},"4":{"start":{"line":11,"column":2},"end":{"line":11,"column":null}}},"fnMap":{"0":{"name":"(anonymous_0)","decl":{"start":{"line":4,"column":22},"end":{"line":4,"column":28}},"loc":{"start":{"line":4,"column":28},"end":{"line":12,"column":null}},"line":4}},"branchMap":{"0":{"loc":{"start":{"line":7,"column":2},"end":{"line":9,"column":null}},"type":"if","locations":[{"start":{"line":7,"column":2},"end":{"line":9,"column":null}},{"start":{},"end":{}}],"line":7}},"s":{"0":2,"1":10,"2":10,"3":0,"4":10},"f":{"0":10},"b":{"0":[0,10]},"meta":{"lastBranch":1,"lastFunction":1,"lastStatement":5,"seen":{"s:4:22:12:Infinity":0,"f:4:22:4:28":0,"s:5:8:5:Infinity":1,"b:7:2:9:Infinity:undefined:undefined:undefined:undefined":0,"s:7:2:9:Infinity":2,"s:8:4:8:Infinity":3,"s:11:2:11:Infinity":4}}}
,"/workspace/frontend/src/layouts/MainLayout.jsx": {"path":"/workspace/frontend/src/layouts/MainLayout.jsx","statementMap":{"0":{"start":{"line":8,"column":40},"end":{"line":8,"column":null}},"1":{"start":{"line":10,"column":23},"end":{"line":10,"column":null}},"2":{"start":{"line":10,"column":29},"end":{"line":10,"column":null}},"3":{"start":{"line":12,"column":2},"end":{"line":29,"column":null}},"4":{"start":{"line":14,"column":34},"end":{"line":14,"column":69}},"5":{"start":{"line":14,"column":61},"end":{"line":14,"column":66}}},"fnMap":{"0":{"name":"MainLayout","decl":{"start":{"line":7,"column":24},"end":{"line":7,"column":37}},"loc":{"start":{"line":7,"column":37},"end":{"line":31,"column":null}},"line":7},"1":{"name":"(anonymous_1)","decl":{"start":{"line":10,"column":23},"end":{"line":10,"column":29}},"loc":{"start":{"line":10,"column":29},"end":{"line":10,"column":null}},"line":10},"2":{"name":"(anonymous_2)","decl":{"start":{"line":14,"column":28},"end":{"line":14,"column":34}},"loc":{"start":{"line":14,"column":34},"end":{"line":14,"column":69}},"line":14},"3":{"name":"(anonymous_3)","decl":{"start":{"line":14,"column":51},"end":{"line":14,"column":52}},"loc":{"start":{"line":14,"column":61},"end":{"line":14,"column":66}},"line":14}},"branchMap":{"0":{"loc":{"start":{"line":17,"column":9},"end":{"line":23,"column":null}},"type":"binary-expr","locations":[{"start":{"line":17,"column":9},"end":{"line":17,"column":null}},{"start":{"line":18,"column":10},"end":{"line":23,"column":null}}],"line":17}},"s":{"0":5,"1":5,"2":1,"3":5,"4":1,"5":1},"f":{"0":5,"1":1,"2":1,"3":1},"b":{"0":[5,1]},"meta":{"lastBranch":1,"lastFunction":4,"lastStatement":6,"seen":{"f:7:24:7:37":0,"s:8:40:8:Infinity":0,"s:10:23:10:Infinity":1,"f:10:23:10:29":1,"s:10:29:10:Infinity":2,"s:12:2:29:Infinity":3,"f:14:28:14:34":2,"s:14:34:14:69":4,"f:14:51:14:52":3,"s:14:61:14:66":5,"b:17:9:17:Infinity:18:10:23:Infinity":0}}}
,"/workspace/frontend/src/pages/EventCreatePage.jsx": {"path":"/workspace/frontend/src/pages/EventCreatePage.jsx","statementMap":{"0":{"start":{"line":6,"column":19},"end":{"line":6,"column":null}},"1":{"start":{"line":8,"column":2},"end":{"line":10,"column":null}},"2":{"start":{"line":9,"column":4},"end":{"line":9,"column":null}},"3":{"start":{"line":12,"column":2},"end":{"line":107,"column":null}},"4":{"start":{"line":17,"column":56},"end":{"line":17,"column":null}}},"fnMap":{"0":{"name":"EventCreatePage","decl":{"start":{"line":5,"column":24},"end":{"line":5,"column":42}},"loc":{"start":{"line":5,"column":42},"end":{"line":109,"column":null}},"line":5},"1":{"name":"(anonymous_1)","decl":{"start":{"line":17,"column":49},"end":{"line":17,"column":50}},"loc":{"start":{"line":17,"column":56},"end":{"line":17,"column":null}},"line":17}},"branchMap":{"0":{"loc":{"start":{"line":8,"column":2},"end":{"line":10,"column":null}},"type":"if","locations":[{"start":{"line":8,"column":2},"end":{"line":10,"column":null}},{"start":{},"end":{}}],"line":8}},"s":{"0":3,"1":3,"2":1,"3":2,"4":0},"f":{"0":3,"1":0},"b":{"0":[1,2]},"meta":{"lastBranch":1,"lastFunction":2,"lastStatement":5,"seen":{"f:5:24:5:42":0,"s:6:19:6:Infinity":0,"b:8:2:10:Infinity:undefined:undefined:undefined:undefined":0,"s:8:2:10:Infinity":1,"s:9:4:9:Infinity":2,"s:12:2:107:Infinity":3,"f:17:49:17:50":1,"s:17:56:17:Infinity":4}}}
,"/workspace/frontend/src/pages/EventDetailPage.jsx": {"path":"/workspace/frontend/src/pages/EventDetailPage.jsx","statementMap":{"0":{"start":{"line":5,"column":13},"end":{"line":5,"column":null}},"1":{"start":{"line":7,"column":2},"end":{"line":23,"column":null}}},"fnMap":{"0":{"name":"EventDetailPage","decl":{"start":{"line":4,"column":24},"end":{"line":4,"column":42}},"loc":{"start":{"line":4,"column":42},"end":{"line":25,"column":null}},"line":4}},"branchMap":{},"s":{"0":1,"1":1},"f":{"0":1},"b":{},"meta":{"lastBranch":0,"lastFunction":1,"lastStatement":2,"seen":{"f:4:24:4:42":0,"s:5:13:5:Infinity":0,"s:7:2:23:Infinity":1}}}
,"/workspace/frontend/src/pages/EventEditPage.jsx": {"path":"/workspace/frontend/src/pages/EventEditPage.jsx","statementMap":{"0":{"start":{"line":6,"column":13},"end":{"line":6,"column":null}},"1":{"start":{"line":7,"column":19},"end":{"line":7,"column":null}},"2":{"start":{"line":9,"column":2},"end":{"line":11,"column":null}},"3":{"start":{"line":10,"column":4},"end":{"line":10,"column":null}},"4":{"start":{"line":13,"column":2},"end":{"line":47,"column":null}},"5":{"start":{"line":18,"column":56},"end":{"line":18,"column":null}}},"fnMap":{"0":{"name":"EventEditPage","decl":{"start":{"line":5,"column":24},"end":{"line":5,"column":40}},"loc":{"start":{"line":5,"column":40},"end":{"line":49,"column":null}},"line":5},"1":{"name":"(anonymous_1)","decl":{"start":{"line":18,"column":49},"end":{"line":18,"column":50}},"loc":{"start":{"line":18,"column":56},"end":{"line":18,"column":null}},"line":18}},"branchMap":{"0":{"loc":{"start":{"line":9,"column":2},"end":{"line":11,"column":null}},"type":"if","locations":[{"start":{"line":9,"column":2},"end":{"line":11,"column":null}},{"start":{},"end":{}}],"line":9}},"s":{"0":2,"1":2,"2":2,"3":1,"4":1,"5":0},"f":{"0":2,"1":0},"b":{"0":[1,1]},"meta":{"lastBranch":1,"lastFunction":2,"lastStatement":6,"seen":{"f:5:24:5:40":0,"s:6:13:6:Infinity":0,"s:7:19:7:Infinity":1,"b:9:2:11:Infinity:undefined:undefined:undefined:undefined":0,"s:9:2:11:Infinity":2,"s:10:4:10:Infinity":3,"s:13:2:47:Infinity":4,"f:18:49:18:50":1,"s:18:56:18:Infinity":5}}}
,"/workspace/frontend/src/pages/NotificationsPage.jsx": {"path":"/workspace/frontend/src/pages/NotificationsPage.jsx","statementMap":{"0":{"start":{"line":1,"column":22},"end":{"line":5,"column":null}},"1":{"start":{"line":8,"column":2},"end":{"line":23,"column":null}},"2":{"start":{"line":15,"column":10},"end":{"line":20,"column":null}}},"fnMap":{"0":{"name":"NotificationsPage","decl":{"start":{"line":7,"column":24},"end":{"line":7,"column":44}},"loc":{"start":{"line":7,"column":44},"end":{"line":25,"column":null}},"line":7},"1":{"name":"(anonymous_1)","decl":{"start":{"line":14,"column":27},"end":{"line":14,"column":28}},"loc":{"start":{"line":15,"column":10},"end":{"line":20,"column":null}},"line":15}},"branchMap":{},"s":{"0":2,"1":1,"2":3},"f":{"0":1,"1":3},"b":{},"meta":{"lastBranch":0,"lastFunction":2,"lastStatement":3,"seen":{"s:1:22:5:Infinity":0,"f:7:24:7:44":0,"s:8:2:23:Infinity":1,"f:14:27:14:28":1,"s:15:10:20:Infinity":2}}}
,"/workspace/frontend/src/pages/OrganizerProfilePage.jsx": {"path":"/workspace/frontend/src/pages/OrganizerProfilePage.jsx","statementMap":{"0":{"start":{"line":3,"column":24},"end":{"line":7,"column":null}},"1":{"start":{"line":10,"column":13},"end":{"line":10,"column":null}},"2":{"start":{"line":12,"column":2},"end":{"line":37,"column":null}},"3":{"start":{"line":25,"column":12},"end":{"line":33,"column":null}}},"fnMap":{"0":{"name":"OrganizerProfilePage","decl":{"start":{"line":9,"column":24},"end":{"line":9,"column":47}},"loc":{"start":{"line":9,"column":47},"end":{"line":39,"column":null}},"line":9},"1":{"name":"(anonymous_1)","decl":{"start":{"line":24,"column":31},"end":{"line":24,"column":32}},"loc":{"start":{"line":25,"column":12},"end":{"line":33,"column":null}},"line":25}},"branchMap":{},"s":{"0":2,"1":1,"2":1,"3":3},"f":{"0":1,"1":3},"b":{},"meta":{"lastBranch":0,"lastFunction":2,"lastStatement":4,"seen":{"s:3:24:7:Infinity":0,"f:9:24:9:47":0,"s:10:13:10:Infinity":1,"s:12:2:37:Infinity":2,"f:24:31:24:32":1,"s:25:12:33:Infinity":3}}}
,"/workspace/frontend/src/pages/RegisterPage.jsx": {"path":"/workspace/frontend/src/pages/RegisterPage.jsx","statementMap":{"0":{"start":{"line":5,"column":36},"end":{"line":5,"column":null}},"1":{"start":{"line":7,"column":2},"end":{"line":158,"column":null}},"2":{"start":{"line":12,"column":56},"end":{"line":12,"column":null}},"3":{"start":{"line":20,"column":29},"end":{"line":20,"column":null}},"4":{"start":{"line":29,"column":29},"end":{"line":29,"column":null}}},"fnMap":{"0":{"name":"RegisterPage","decl":{"start":{"line":4,"column":24},"end":{"line":4,"column":39}},"loc":{"start":{"line":4,"column":39},"end":{"line":160,"column":null}},"line":4},"1":{"name":"(anonymous_1)","decl":{"start":{"line":12,"column":49},"end":{"line":12,"column":50}},"loc":{"start":{"line":12,"column":56},"end":{"line":12,"column":null}},"line":12},"2":{"name":"(anonymous_2)","decl":{"start":{"line":20,"column":23},"end":{"line":20,"column":29}},"loc":{"start":{"line":20,"column":29},"end":{"line":20,"column":null}},"line":20},"3":{"name":"(anonymous_3)","decl":{"start":{"line":29,"column":23},"end":{"line":29,"column":29}},"loc":{"start":{"line":29,"column":29},"end":{"line":29,"column":null}},"line":29}},"branchMap":{"0":{"loc":{"start":{"line":22,"column":16},"end":{"line":22,"column":null}},"type":"cond-expr","locations":[{"start":{"line":22,"column":44},"end":{"line":22,"column":81}},{"start":{"line":22,"column":81},"end":{"line":22,"column":null}}],"line":22},"1":{"loc":{"start":{"line":31,"column":16},"end":{"line":31,"column":null}},"type":"cond-expr","locations":[{"start":{"line":31,"column":46},"end":{"line":31,"column":83}},{"start":{"line":31,"column":83},"end":{"line":31,"column":null}}],"line":31},"2":{"loc":{"start":{"line":90,"column":9},"end":{"line":149,"column":null}},"type":"cond-expr","locations":[{"start":{"line":91,"column":10},"end":{"line":118,"column":null}},{"start":{"line":120,"column":10},"end":{"line":149,"column":null}}],"line":90}},"s":{"0":3,"1":3,"2":0,"3":0,"4":1},"f":{"0":3,"1":0,"2":0,"3":1},"b":{"0":[2,1],"1":[1,2],"2":[2,1]},"meta":{"lastBranch":3,"lastFunction":4,"lastStatement":5,"seen":{"f:4:24:4:39":0,"s:5:36:5:Infinity":0,"s:7:2:158:Infinity":1,"f:12:49:12:50":1,"s:12:56:12:Infinity":2,"f:20:23:20:29":2,"s:20:29:20:Infinity":3,"b:22:44:22:81:22:81:22:Infinity":0,"f:29:23:29:29":3,"s:29:29:29:Infinity":4,"b:31:46:31:83:31:83:31:Infinity":1,"b:91:10:118:Infinity:120:10:149:Infinity":2}}}
}
