TN:
SF:src/App.jsx
FN:18,App
FNF:1
FNH:1
FNDA:3,App
DA:19,3
LF:1
LH:1
BRF:0
BRH:0
end_of_record
TN:
SF:src/auth/Auth0ProviderWithConfig.jsx
FN:34,Auth0ProviderWithConfig
FN:47,(anonymous_1)
FNF:2
FNH:1
FNDA:9,Auth0ProviderWithConfig
FNDA:0,(anonymous_1)
DA:30,5
DA:31,5
DA:32,5
DA:35,9
DA:38,9
DA:39,2
DA:47,6
DA:48,0
DA:51,6
LF:9
LH:8
BRDA:38,0,0,2
BRDA:38,0,1,7
BRDA:38,1,0,9
BRDA:38,1,1,6
BRDA:38,1,2,6
BRDA:48,2,0,0
BRDA:48,2,1,0
BRF:7
BRH:5
end_of_record
TN:
SF:src/auth/apiClient.js
FN:19,useApiClient
FN:23,(anonymous_1)
FN:29,(anonymous_2)
FNF:3
FNH:3
FNDA:2,useApiClient
FNDA:2,(anonymous_1)
FNDA:2,(anonymous_2)
DA:20,2
DA:23,2
DA:24,2
DA:29,2
DA:30,2
DA:31,2
DA:32,1
DA:40,1
DA:41,1
DA:44,2
DA:47,2
LF:11
LH:11
BRDA:40,0,0,1
BRDA:40,0,1,0
BRF:2
BRH:1
end_of_record
TN:
SF:src/components/layout/Navbar.jsx
FN:5,Navbar
FN:9,(anonymous_1)
FN:11,(anonymous_2)
FNF:3
FNH:3
FNDA:7,Navbar
FNDA:14,(anonymous_1)
FNDA:14,(anonymous_2)
DA:6,7
DA:7,7
DA:9,14
DA:11,7
DA:12,14
DA:18,7
LF:6
LH:6
BRDA:13,0,0,1
BRDA:13,0,1,13
BRF:2
BRH:2
end_of_record
TN:
SF:src/components/layout/Sidebar.jsx
FN:5,Sidebar
FN:27,(anonymous_1)
FN:42,(anonymous_2)
FNF:3
FNH:3
FNDA:7,Sidebar
FNDA:35,(anonymous_1)
FNDA:35,(anonymous_2)
DA:6,7
DA:7,7
DA:9,7
DA:17,7
DA:25,7
DA:27,7
DA:28,35
DA:29,7
DA:32,28
DA:35,7
DA:43,35
DA:44,35
DA:46,35
LF:13
LH:13
BRDA:25,0,0,1
BRDA:25,0,1,6
BRDA:28,1,0,7
BRDA:28,1,1,28
BRDA:32,2,0,28
BRDA:32,2,1,26
BRDA:38,3,0,1
BRDA:38,3,1,6
BRDA:52,4,0,6
BRDA:52,4,1,29
BRDA:57,5,0,6
BRDA:57,5,1,29
BRF:12
BRH:12
end_of_record
TN:
SF:src/components/ui/badge.jsx
FN:1,Badge
FNF:1
FNH:1
FNDA:1,Badge
DA:3,1
DA:5,1
LF:2
LH:2
BRDA:1,0,0,1
BRF:1
BRH:1
end_of_record
TN:
SF:src/components/ui/button.jsx
FN:1,Button
FNF:1
FNH:1
FNDA:11,Button
DA:9,11
DA:14,11
DA:16,11
LF:3
LH:3
BRDA:3,0,0,11
BRDA:4,1,0,11
BRDA:5,2,0,11
BRDA:9,3,0,1
BRDA:9,3,1,10
BRF:5
BRH:5
end_of_record
TN:
SF:src/contexts/AppContext.jsx
FN:21,(anonymous_0)
FNF:1
FNH:1
FNDA:6,(anonymous_0)
DA:19,1
DA:21,1
DA:22,6
DA:27,6
DA:28,6
DA:30,6
DA:32,6
LF:7
LH:7
BRDA:27,0,0,6
BRDA:27,0,1,6
BRDA:28,1,0,6
BRDA:28,1,1,6
BRF:4
BRH:4
end_of_record
TN:
SF:src/contexts/AppContextValue.jsx
FNF:0
FNH:0
DA:3,5
LF:1
LH:1
BRF:0
BRH:0
end_of_record
TN:
SF:src/contexts/useApp.jsx
FN:4,(anonymous_0)
FNF:1
FNH:1
FNDA:20,(anonymous_0)
DA:4,3
DA:5,20
DA:7,20
DA:8,2
DA:11,17
LF:5
LH:5
BRDA:7,0,0,2
BRDA:7,0,1,18
BRF:2
BRH:2
end_of_record
TN:
SF:src/layouts/MainLayout.jsx
FN:7,MainLayout
FN:10,(anonymous_1)
FN:14,(anonymous_2)
FN:14,(anonymous_3)
FNF:4
FNH:4
FNDA:6,MainLayout
FNDA:1,(anonymous_1)
FNDA:1,(anonymous_2)
FNDA:1,(anonymous_3)
DA:8,6
DA:10,6
DA:12,6
DA:14,1
LF:4
LH:4
BRDA:17,0,0,6
BRDA:17,0,1,1
BRF:2
BRH:2
end_of_record
TN:
SF:src/pages/EventCreatePage.jsx
FN:3,EventCreatePage
FN:9,(anonymous_1)
FNF:2
FNH:2
FNDA:2,EventCreatePage
FNDA:1,(anonymous_1)
DA:4,2
DA:9,1
LF:2
LH:2
BRF:0
BRH:0
end_of_record
TN:
SF:src/pages/EventDetailPage.jsx
FN:4,EventDetailPage
FNF:1
FNH:1
FNDA:1,EventDetailPage
DA:5,1
DA:7,1
LF:2
LH:2
BRF:0
BRH:0
end_of_record
TN:
SF:src/pages/EventEditPage.jsx
FN:4,EventEditPage
FN:11,(anonymous_1)
FNF:2
FNH:2
FNDA:1,EventEditPage
FNDA:1,(anonymous_1)
DA:5,1
DA:6,1
DA:11,1
LF:3
LH:3
BRF:0
BRH:0
end_of_record
TN:
SF:src/pages/LoginPage.jsx
FN:12,LoginPage
FN:15,(anonymous_1)
FNF:2
FNH:2
FNDA:3,LoginPage
FNDA:3,(anonymous_1)
DA:13,3
DA:15,3
DA:16,3
DA:17,1
DA:21,3
LF:5
LH:5
BRDA:16,0,0,1
BRDA:16,0,1,2
BRDA:16,1,0,3
BRDA:16,1,1,2
BRF:4
BRH:4
end_of_record
TN:
SF:src/pages/NotificationsPage.jsx
FN:7,NotificationsPage
FN:14,(anonymous_1)
FNF:2
FNH:2
FNDA:1,NotificationsPage
FNDA:3,(anonymous_1)
DA:1,2
DA:8,1
DA:15,3
LF:3
LH:3
BRF:0
BRH:0
end_of_record
TN:
SF:src/pages/OrganizerProfilePage.jsx
FN:9,OrganizerProfilePage
FN:24,(anonymous_1)
FNF:2
FNH:2
FNDA:1,OrganizerProfilePage
FNDA:3,(anonymous_1)
DA:3,2
DA:10,1
DA:12,1
DA:25,3
LF:4
LH:4
BRF:0
BRH:0
end_of_record
TN:
SF:src/pages/RegisterPage.jsx
FN:4,RegisterPage
FN:12,(anonymous_1)
FN:20,(anonymous_2)
FN:29,(anonymous_3)
FNF:4
FNH:4
FNDA:4,RegisterPage
FNDA:1,(anonymous_1)
FNDA:1,(anonymous_2)
FNDA:1,(anonymous_3)
DA:5,4
DA:7,4
DA:12,1
DA:20,1
DA:29,1
LF:5
LH:5
BRDA:22,0,0,3
BRDA:22,0,1,1
BRDA:31,1,0,1
BRDA:31,1,1,3
BRDA:90,2,0,3
BRDA:90,2,1,1
BRF:6
BRH:6
end_of_record
TN:
SF:src/routes/AuthRouteWrappers.jsx
FN:11,PublicOnlyRoute
FN:21,RequireAuthRoute
FN:31,RequireRoleRoute
FNF:3
FNH:3
FNDA:4,PublicOnlyRoute
FNDA:5,RequireAuthRoute
FNDA:4,RequireRoleRoute
DA:12,4
DA:14,4
DA:15,1
DA:18,3
DA:22,5
DA:24,5
DA:25,2
DA:28,3
DA:32,4
DA:34,4
DA:35,2
DA:38,2
LF:12
LH:12
BRDA:11,0,0,4
BRDA:14,1,0,1
BRDA:14,1,1,3
BRDA:21,2,0,5
BRDA:24,3,0,2
BRDA:24,3,1,3
BRDA:31,4,0,4
BRDA:31,5,0,4
BRDA:34,6,0,2
BRDA:34,6,1,2
BRF:10
BRH:10
end_of_record
